This is pdfTeX, Version 3.141592653-2.6-1.40.26 (TeX Live 2024) (preloaded format=pdflatex 2024.8.31)  31 AUG 2024 22:18
entering extended mode
 restricted \write18 enabled.
 %&-line parsing enabled.
**title.tex
(./title.tex
LaTeX2e <2024-06-01> patch level 2
L3 programming layer <2024-08-16>

! LaTeX Error: Missing \begin{document}.

See the LaTeX manual or LaTeX Companion for explanation.
Type  H <return>  for immediate help.
 ...                                              
                                                  
l.1 $
     if(title)$
You're in trouble here.  Try typing  <return>  to proceed.
If that doesn't work, type  X <return>  to quit.

LaTeX Font Info:    External font `cmex10' loaded for size
(Font)              <7> on input line 1.
LaTeX Font Info:    External font `cmex10' loaded for size
(Font)              <5> on input line 1.

Overfull \hbox (55.69939pt too wide) in paragraph at lines 1--4
[]$\OML/cmm/m/it/10 if\OT1/cmr/m/n/10 (\OML/cmm/m/it/10 title\OT1/cmr/m/n/10 )$
 []


Overfull \hbox (25.28087pt too wide) in paragraph at lines 1--4
\OML/cmm/m/it/10 endif$ 
 []


! LaTeX Error: Missing \begin{document}.

See the LaTeX manual or LaTeX Companion for explanation.
Type  H <return>  for immediate help.
 ...                                              
                                                  
l.5 $
     if(subtitle)$
You're in trouble here.  Try typing  <return>  to proceed.
If that doesn't work, type  X <return>  to quit.

! Undefined control sequence.
l.6 \subtitle
             {$subtitle$}
The control sequence at the end of the top line
of your error message was never \def'ed. If you have
misspelled it (e.g., `\hobx'), type `I' and the correct
spelling (e.g., `I\hbox'). Otherwise just continue,
and I'll forget about whatever was undefined.


Overfull \hbox (70.40312pt too wide) in paragraph at lines 5--8
[]$\OML/cmm/m/it/10 if\OT1/cmr/m/n/10 (\OML/cmm/m/it/10 subtitle\OT1/cmr/m/n/10 )$
 []


Overfull \hbox (33.20793pt too wide) in paragraph at lines 5--8
\OML/cmm/m/it/10 subtitle$
 []


Overfull \hbox (25.28087pt too wide) in paragraph at lines 5--8
\OML/cmm/m/it/10 endif$ 
 []


! LaTeX Error: Missing \begin{document}.

See the LaTeX manual or LaTeX Companion for explanation.
Type  H <return>  for immediate help.
 ...                                              
                                                  
l.9 $
     for(by-author)$
You're in trouble here.  Try typing  <return>  to proceed.
If that doesn't work, type  X <return>  to quit.

! Undefined control sequence.
l.13       \affil
                 {%
The control sequence at the end of the top line
of your error message was never \def'ed. If you have
misspelled it (e.g., `\hobx'), type `I' and the correct
spelling (e.g., `I\hbox'). Otherwise just continue,
and I'll forget about whatever was undefined.


Overfull \hbox (56.82881pt too wide) in paragraph at lines 9--21
[]$\OML/cmm/m/it/10 for\OT1/cmr/m/n/10 (\OML/cmm/m/it/10 by \OMS/cmsy/m/n/10 ^^@
 []


Overfull \hbox (33.90866pt too wide) in paragraph at lines 9--21
\OML/cmm/m/it/10 author\OT1/cmr/m/n/10 )$
 []


Overfull \hbox (30.63734pt too wide) in paragraph at lines 9--21
\OML/cmm/m/it/10 if\OT1/cmr/m/n/10 (\OML/cmm/m/it/10 by \OMS/cmsy/m/n/10 ^^@
 []


Overfull \hbox (91.31134pt too wide) in paragraph at lines 9--21
\OML/cmm/m/it/10 author:affiliations\OT1/cmr/m/n/10 )$
 []


Overfull \hbox (36.82881pt too wide) in paragraph at lines 9--21
\OML/cmm/m/it/10 for\OT1/cmr/m/n/10 (\OML/cmm/m/it/10 by \OMS/cmsy/m/n/10 ^^@
 []


Overfull \hbox (91.31134pt too wide) in paragraph at lines 9--21
\OML/cmm/m/it/10 author:affiliations\OT1/cmr/m/n/10 )$
 []


Overfull \hbox (30.63734pt too wide) in paragraph at lines 9--21
\OML/cmm/m/it/10 if\OT1/cmr/m/n/10 (\OML/cmm/m/it/10 by \OMS/cmsy/m/n/10 ^^@
 []


Overfull \hbox (118.81377pt too wide) in paragraph at lines 9--21
\OML/cmm/m/it/10 author:affiliations:name\OT1/cmr/m/n/10 )$
 []


Overfull \hbox (17.33105pt too wide) in paragraph at lines 9--21
\OML/cmm/m/it/10 by \OMS/cmsy/m/n/10 ^^@
 []


Overfull \hbox (114.92487pt too wide) in paragraph at lines 9--21
\OML/cmm/m/it/10 author:affiliations:name$
 []


Overfull \hbox (25.28087pt too wide) in paragraph at lines 9--21
\OML/cmm/m/it/10 endif$
 []


Overfull \hbox (29.80566pt too wide) in paragraph at lines 9--21
\OML/cmm/m/it/10 endfor$
 []


Overfull \hbox (25.28087pt too wide) in paragraph at lines 9--21
\OML/cmm/m/it/10 endif$
 []


Overfull \hbox (29.80566pt too wide) in paragraph at lines 9--21
\OML/cmm/m/it/10 endfor$ 
 []

)
! Emergency stop.
<*> title.tex
             
*** (job aborted, no legal \end found)

 
Here is how much of TeX's memory you used:
 15 strings out of 475539
 359 string characters out of 5775810
 1926960 words of memory out of 5000000
 22760 multiletter control sequences out of 15000+600000
 558069 words of font info for 36 fonts, out of 8000000 for 9000
 14 hyphenation exceptions out of 8191
 18i,1n,20p,63b,57s stack positions out of 10000i,1000n,20000p,200000b,200000s
!  ==> Fatal error occurred, no output PDF file produced!
